app/build/intermediates/manifest_merge_blame_file/debug/manifest-merger-blame-debug-report.txt
1<?xml version="1.0" encoding="utf-8"?>
2<manifest xmlns:android="http://schemas.android.com/apk/res/android"
3    package="com.example.gameactivity"
4    android:versionCode="1"
5    android:versionName="1.0" >
6
7    <uses-sdk
8        android:minSdkVersion="16"
8-->src\main\AndroidManifest.xml
9        android:targetSdkVersion="30" />
9-->src\main\AndroidManifest.xml
10
11    <application
11-->src\main\AndroidManifest.xml:5:5-24:19
12        android:allowBackup="true"
12-->src\main\AndroidManifest.xml:6:9-35
13        android:appComponentFactory="androidx.core.app.CoreComponentFactory"
13-->[androidx.core:core:1.3.1] AndroidManifest.xml:24:18-86
14        android:debuggable="true"
15        android:icon="@mipmap/ic_launcher"
15-->src\main\AndroidManifest.xml:7:9-43
16        android:label="@string/app_name"
16-->src\main\AndroidManifest.xml:8:9-41
17        android:roundIcon="@mipmap/ic_launcher_round"
17-->src\main\AndroidManifest.xml:9:9-54
18        android:supportsRtl="true"
18-->src\main\AndroidManifest.xml:10:9-35
19        android:theme="@style/Theme.GameActivity" >
19-->src\main\AndroidManifest.xml:11:9-50
20        <activity
20-->src\main\AndroidManifest.xml:12:9-16:62
21            android:name="com.example.gameactivity.GameActivity"
21-->src\main\AndroidManifest.xml:13:13-41
22            android:label="@string/title_activity_game"
22-->src\main\AndroidManifest.xml:14:13-56
23            android:screenOrientation="landscape"
23-->src\main\AndroidManifest.xml:16:13-50
24            android:theme="@style/Theme.GameActivity.NoActionBar" />
24-->src\main\AndroidManifest.xml:15:13-66
25        <activity
25-->src\main\AndroidManifest.xml:17:9-23:20
26            android:name="com.example.gameactivity.MainActivity"
26-->src\main\AndroidManifest.xml:17:19-47
27            android:screenOrientation="landscape" >
27-->src\main\AndroidManifest.xml:17:49-86
28            <intent-filter>
28-->src\main\AndroidManifest.xml:18:13-22:29
29                <action android:name="android.intent.action.MAIN" />
29-->src\main\AndroidManifest.xml:19:17-69
29-->src\main\AndroidManifest.xml:19:25-66
30
31                <category android:name="android.intent.category.LAUNCHER" />
31-->src\main\AndroidManifest.xml:21:17-77
31-->src\main\AndroidManifest.xml:21:27-74
32            </intent-filter>
33        </activity>
34    </application>
35
36</manifest>